<?xml version="1.0" encoding="UTF-8"?>
<!-- Generated by org.testng.reporters.JUnitReportReporter -->
<testsuite skipped="0" hostname="DESKTOP-4CQB1KS" name="com.api.test.TC_VediogameAPI" tests="5" failures="0" timestamp="2021-02-08T20:59:44 IST" time="3.578" errors="0">
  <testcase name="test_getAllVideogames" time="2.254" classname="com.api.test.TC_VediogameAPI"/>
  <system-out/>
  <testcase name="addNewGame" time="0.519" classname="com.api.test.TC_VediogameAPI"/>
  <system-out/>
  <testcase name="getVideoGame" time="0.684" classname="com.api.test.TC_VediogameAPI"/>
  <system-out/>
  <testcase name="updateVideogameName" time="0.095" classname="com.api.test.TC_VediogameAPI"/>
  <system-out/>
  <testcase name="deleteVideogame" time="0.026" classname="com.api.test.TC_VediogameAPI"/>
  <system-out/>
</testsuite> <!-- com.api.test.TC_VediogameAPI -->
