<?xml version="1.0" encoding="UTF-8"?>
<!-- Generated by org.testng.reporters.JUnitReportReporter -->
<testsuite skipped="0" hostname="DESKTOP-4CQB1KS" name="com.api.test.TC_VediogameAPI" tests="5" failures="0" timestamp="2021-02-08T20:56:20 IST" time="3.681" errors="0">
  <testcase name="test_getAllVideogames" time="2.329" classname="com.api.test.TC_VediogameAPI"/>
  <system-out/>
  <testcase name="addNewGame" time="0.494" classname="com.api.test.TC_VediogameAPI"/>
  <system-out/>
  <testcase name="getVideoGame" time="0.720" classname="com.api.test.TC_VediogameAPI"/>
  <system-out/>
  <testcase name="updateVideogameName" time="0.111" classname="com.api.test.TC_VediogameAPI"/>
  <system-out/>
  <testcase name="deleteVideogame" time="0.027" classname="com.api.test.TC_VediogameAPI"/>
  <system-out/>
</testsuite> <!-- com.api.test.TC_VediogameAPI -->
