<?xml version="1.0" encoding="UTF-8"?>
<!-- Generated by org.testng.reporters.JUnitReportReporter -->
<testsuite skipped="0" hostname="DESKTOP-4CQB1KS" name="com.api.test.TC_VediogameAPI" tests="5" failures="0" timestamp="2021-02-09T12:00:40 IST" time="4.651" errors="0">
  <testcase name="test_getAllVideogames" time="3.062" classname="com.api.test.TC_VediogameAPI"/>
  <system-out/>
  <testcase name="addNewGame" time="0.695" classname="com.api.test.TC_VediogameAPI"/>
  <system-out/>
  <testcase name="getVideoGame" time="0.781" classname="com.api.test.TC_VediogameAPI"/>
  <system-out/>
  <testcase name="updateVideogameName" time="0.087" classname="com.api.test.TC_VediogameAPI"/>
  <system-out/>
  <testcase name="deleteVideogame" time="0.026" classname="com.api.test.TC_VediogameAPI"/>
  <system-out/>
</testsuite> <!-- com.api.test.TC_VediogameAPI -->
